============================================================
  Generated by:           Genus(TM) Synthesis Solution 21.14-s082_1
  Generated on:           Mar 25 2026  09:40:01 pm
  Module:                 ulp_iot_sensor_node
  Operating conditions:   PVT_1P1V_0C (balanced_tree)
  Wireload mode:          enclosed
  Area mode:              timing library
============================================================

Timing
--------

 Clock  Period 
---------------
clk_aon  670.0 


          Cost            Critical         Violating 
         Group           Path Slack  TNS     Paths   
-----------------------------------------------------
cg_enable_group_clk_aon        28.1   0.0          0 
clk_aon                    No paths   0.0            
CLOCK                         308.4   0.0          0 
COMBO                      No paths   0.0            
default                    No paths   0.0            
INPUTS                         12.0   0.0          0 
OUTPUTS                         0.3   0.0          0 
-----------------------------------------------------
Total                                 0.0          0 

Instance Count
--------------
Leaf Instance Count             42 
Physical Instance count          0 
Sequential Instance Count       11 
Combinational Instance Count    31 
Hierarchical Instance Count      1 

Area
----
Cell Area                          115.596
Physical Cell Area                 0.000
Total Cell Area (Cell+Physical)    115.596
Net Area                           0.000
Total Area (Cell+Physical+Net)     115.596

Max Fanout                         9 (rc_gclk)
Min Fanout                         0 (rst_n)
Average Fanout                     2.0
Terms to net ratio                 3.0213
Terms to instance ratio            3.3810
Runtime                            16.888316 seconds
Elapsed Runtime                    36 seconds
Genus peak memory usage            1701.40 
Innovus peak memory usage          no_value 
Hostname                           localhost
