============================================================
  Generated by:           Genus(TM) Synthesis Solution 21.14-s082_1
  Generated on:           Mar 25 2026  09:40:01 pm
  Module:                 ulp_iot_sensor_node
  Operating conditions:   PVT_1P1V_0C (balanced_tree)
  Wireload mode:          enclosed
  Area mode:              timing library
============================================================


Path 1: MET (0 ps) Late External Delay Assertion at pin pg_en
          Group: OUTPUTS
     Startpoint: (R) state_reg[1]/CK
          Clock: (R) clk_aon
       Endpoint: (F) pg_en
          Clock: (R) clk_aon

                     Capture       Launch     
        Clock Edge:+     670            0     
       Src Latency:+     250          250     
       Net Latency:+     250 (I)      250 (I) 
           Arrival:=    1170          500     
                                              
      Output Delay:-     500                  
       Uncertainty:-     100                  
     Required Time:=     570                  
      Launch Clock:-     500                  
         Data Path:-      70                  
             Slack:=       0                  

Exceptions/Constraints:
  output_delay             500             constraints.sdc_line_41 

#------------------------------------------------------------------------------------------
#  Timing Point   Flags   Arc   Edge    Cell      Fanout Load Trans Delay Arrival Instance 
#                                                        (fF)  (ps)  (ps)   (ps)  Location 
#------------------------------------------------------------------------------------------
  state_reg[1]/CK -       -     R     (arrival)        9    -    50     0     500    (-,-) 
  state_reg[1]/Q  -       CK->Q F     DFFSHQX1LVT      5  1.6    10    50     550    (-,-) 
  g822/Y          -       A->Y  R     INVXLLVT         4  1.4    16    13     562    (-,-) 
  g633__8428/Y    -       B->Y  F     NOR2BX1LVT       1  0.0     4     7     570    (-,-) 
  pg_en           <<<     -     F     (port)           -    -     -     0     570    (-,-) 
#------------------------------------------------------------------------------------------
