============================================================
  Generated by:           Genus(TM) Synthesis Solution 21.14-s082_1
  Generated on:           Jul 16 2026  11:53:38 pm
  Module:                 ulp_iot_sensor_node
  Operating conditions:   PVT_1P1V_0C (balanced_tree)
  Wireload mode:          enclosed
  Area mode:              timing library
============================================================

Timing
-------
  Cost    Critical         Violating 
 Group   Path Slack  TNS     Paths   
-------------------------------------
COMBO      No paths   0.0            
default    No paths   0.0            
INPUTS     No paths   0.0            
OUTPUTS    No paths   0.0            
-------------------------------------
Total                 0.0          0 

Instance Count
--------------
Leaf Instance Count             39 
Physical Instance count          0 
Sequential Instance Count       10 
Combinational Instance Count    29 
Hierarchical Instance Count      0 

Area
----
Cell Area                          106.362
Physical Cell Area                 0.000
Total Cell Area (Cell+Physical)    106.362
Net Area                           0.000
Total Area (Cell+Physical+Net)     106.362

Max Fanout                         10 (clk_aon)
Min Fanout                         0 (rst_n)
Average Fanout                     2.0
Terms to net ratio                 3.0000
Terms to instance ratio            3.3077
Runtime                            13.939463 seconds
Elapsed Runtime                    42 seconds
Genus peak memory usage            1666.82 
Innovus peak memory usage          no_value 
Hostname                           localhost
