============================================================
  Generated by:           Genus(TM) Synthesis Solution 21.14-s082_1
  Generated on:           Mar 26 2026  06:52:48 pm
  Module:                 legacy_high_power_sensor_node
  Operating conditions:   PVT_1P1V_0C (balanced_tree)
  Wireload mode:          enclosed
  Area mode:              timing library
============================================================

Timing
--------

Clock Period 
-------------
clock  739.0 


  Cost    Critical         Violating 
 Group   Path Slack  TNS     Paths   
-------------------------------------
CLOCK         113.7   0.0          0 
clock      No paths   0.0            
COMBO      No paths   0.0            
default    No paths   0.0            
INPUTS          6.1   0.0          0 
OUTPUTS        92.7   0.0          0 
-------------------------------------
Total                 0.0          0 

Instance Count
--------------
Leaf Instance Count             345 
Physical Instance count           0 
Sequential Instance Count       120 
Combinational Instance Count    225 
Hierarchical Instance Count       0 

Area
----
Cell Area                          1340.982
Physical Cell Area                 0.000
Total Cell Area (Cell+Physical)    1340.982
Net Area                           0.000
Total Area (Cell+Physical+Net)     1340.982

Max Fanout                         120 (clk)
Min Fanout                         0 (n_4)
Average Fanout                     1.9
Terms to net ratio                 3.1168
Terms to instance ratio            3.8667
Runtime                            21.756741 seconds
Elapsed Runtime                    52 seconds
Genus peak memory usage            1828.49 
Innovus peak memory usage          no_value 
Hostname                           localhost
