============================================================
  Generated by:           Genus(TM) Synthesis Solution 21.14-s082_1
  Generated on:           Mar 26 2026  06:52:48 pm
  Module:                 legacy_high_power_sensor_node
  Operating conditions:   PVT_1P1V_0C (balanced_tree)
  Wireload mode:          enclosed
  Area mode:              timing library
============================================================


Path 1: MET (6 ps) Setup Check with Pin accum_0_reg[10]/CK->SI
          Group: INPUTS
     Startpoint: (F) sensor_data[1]
          Clock: (R) clock
       Endpoint: (R) accum_0_reg[10]/SI
          Clock: (R) clock

                     Capture       Launch     
        Clock Edge:+     738            0     
        Drv Adjust:+       0            0     
       Src Latency:+     250          250     
       Net Latency:+     250 (I)      250 (I) 
           Arrival:=    1238          500     
                                              
             Setup:-      23                  
       Uncertainty:-     100                  
     Required Time:=    1116                  
      Launch Clock:-     500                  
       Input Delay:-     500                  
         Data Path:-     110                  
             Slack:=       6                  

Exceptions/Constraints:
  input_delay             500             constraints.sdc_line_41_11_1 

#-----------------------------------------------------------------------------------------------
#   Timing Point     Flags    Arc   Edge     Cell      Fanout Load Trans Delay Arrival Instance 
#                                                             (fF)  (ps)  (ps)   (ps)  Location 
#-----------------------------------------------------------------------------------------------
  sensor_data[1]     -       -      F     (arrival)         3  1.5     0     0    1000    (-,-) 
  g5040__6161/Y      -       B->Y   R     NOR2X1            1  0.6    15    10    1010    (-,-) 
  g4928__1881/Y      -       A0->Y  F     OAI21X1LVT        3  0.9    17    18    1028    (-,-) 
  g4918__1617/Y      -       A0N->Y F     OAI2BB1X1LVT      3  1.6    20    25    1053    (-,-) 
  g4905__6417/Y      -       A1->Y  R     AOI21X1LVT        4  2.2    32    24    1078    (-,-) 
  g4894__9315/Y      -       A1->Y  F     OAI21XLLVT        2  0.8    21    21    1098    (-,-) 
  g4889/Y            -       A->Y   R     INVXLLVT          1  0.6    10    11    1110    (-,-) 
  accum_0_reg[10]/SI <<<     -      R     SDFFRHQX1LVT      1    -     -     0    1110    (-,-) 
#-----------------------------------------------------------------------------------------------
